<?xml version="1.0" encoding="UTF-8"?>
<!-- Generated by org.testng.reporters.JUnitXMLReporter -->
<testsuite ignored="0" hostname="LAPTOP-195HFNCL" failures="0" tests="3" name="Default test" time="6.389" errors="0" timestamp="10 May 2023 12:02:08 GMT">
  <testcase classname="testcase.Test1XSS" name="testXSSReStored" time="0.004"/>
  <testcase classname="testcase.Test1XSS" name="testXSSReflected" time="4.264"/>
  <testcase classname="testcase.Test2CSRF" name="testXSSReflected" time="0.253"/>
</testsuite> <!-- Default test -->
