<?xml version="1.0" encoding="UTF-8"?>
<testng-results ignored="0" total="2" passed="2" failed="0" skipped="0">
  <reporter-output>
  </reporter-output>
  <suite started-at="2023-05-14T02:18:55Z" name="Default suite" finished-at="2023-05-14T02:19:08Z" duration-ms="12773">
    <groups>
    </groups>
    <test started-at="2023-05-14T02:18:55Z" name="Default test" finished-at="2023-05-14T02:19:08Z" duration-ms="12773">
      <class name="testcase.Test3CommandInjection">
        <test-method is-config="true" signature="setUp()[pri:0, instance:testcase.Test3CommandInjection@54eb2b70]" started-at="2023-05-14T02:18:55Z" name="setUp" finished-at="2023-05-14T02:18:57Z" duration-ms="1310" status="PASS">
          <reporter-output>
          </reporter-output>
        </test-method> <!-- setUp -->
        <test-method signature="commandInjectionLow()[pri:0, instance:testcase.Test3CommandInjection@54eb2b70]" started-at="2023-05-14T02:18:57Z" name="commandInjectionLow" finished-at="2023-05-14T02:19:02Z" duration-ms="5750" status="PASS">
          <reporter-output>
          </reporter-output>
        </test-method> <!-- commandInjectionLow -->
        <test-method signature="commandInjectionmeduim()[pri:0, instance:testcase.Test3CommandInjection@54eb2b70]" started-at="2023-05-14T02:19:02Z" name="commandInjectionmeduim" finished-at="2023-05-14T02:19:08Z" duration-ms="5696" status="PASS">
          <reporter-output>
          </reporter-output>
        </test-method> <!-- commandInjectionmeduim -->
      </class> <!-- testcase.Test3CommandInjection -->
    </test> <!-- Default test -->
  </suite> <!-- Default suite -->
</testng-results>
