<?xml version="1.0" encoding="UTF-8"?>
<testng-results ignored="0" total="1" passed="1" failed="0" skipped="0">
  <reporter-output>
  </reporter-output>
  <suite started-at="2023-04-16T07:27:15Z" name="Default suite" finished-at="2023-04-16T07:27:17Z" duration-ms="1734">
    <groups>
    </groups>
    <test started-at="2023-04-16T07:27:15Z" name="Default test" finished-at="2023-04-16T07:27:17Z" duration-ms="1734">
      <class name="testcase.XSSTest">
        <test-method is-config="true" signature="open_browser()[pri:0, instance:testcase.XSSTest@37e4d7bb]" started-at="2023-04-16T07:27:15Z" name="open_browser" finished-at="2023-04-16T07:27:16Z" duration-ms="1164" status="PASS">
          <reporter-output>
          </reporter-output>
        </test-method> <!-- open_browser -->
        <test-method signature="testXSS()[pri:0, instance:testcase.XSSTest@37e4d7bb]" started-at="2023-04-16T07:27:17Z" name="testXSS" finished-at="2023-04-16T07:27:17Z" duration-ms="553" status="PASS">
          <reporter-output>
          </reporter-output>
        </test-method> <!-- testXSS -->
      </class> <!-- testcase.XSSTest -->
    </test> <!-- Default test -->
  </suite> <!-- Default suite -->
</testng-results>
